<?xml version="1.0" encoding="UTF-8"?>
<testsuite xmlns:xsi="http://www.w3.org/2001/XMLSchema-instance" xsi:noNamespaceSchemaLocation="https://maven.apache.org/surefire/maven-surefire-plugin/xsd/surefire-test-report.xsd" name="es.ubu.lsi.ELearningQAFacadeTest" time="2.019" tests="21" errors="0" skipped="0" failures="0">
  <properties>
[...]
</properties>
  <testcase name="isEstanActualizadosRecursosTest" classname="es.ubu.lsi.ELearningQAFacadeTest" time="0.015"/>
  <testcase name="isSonFechasCorrectasTest" classname="es.ubu.lsi.ELearningQAFacadeTest" time="0.001"/>
  <testcase name="isCalificadorMuestraPonderacionTest" classname="es.ubu.lsi.ELearningQAFacadeTest" time="0.001"/>
  <testcase name="isEstaCorregidoATiempoTest" classname="es.ubu.lsi.ELearningQAFacadeTest" time="0.001"/>
  <testcase name="isRespondeATiempoTest" classname="es.ubu.lsi.ELearningQAFacadeTest" time="0.001"/>
  <testcase name="isTieneGruposTest" classname="es.ubu.lsi.ELearningQAFacadeTest" time="0.001"/>
  <testcase name="isMuestraCriteriosTest" classname="es.ubu.lsi.ELearningQAFacadeTest" time="0.001"/>
  <testcase name="isHayRetroalimentacionTest" classname="es.ubu.lsi.ELearningQAFacadeTest" time="0.004"/>
  <testcase name="getCursoPorIdTest" classname="es.ubu.lsi.ELearningQAFacadeTest" time="0.004"/>
  <testcase name="getListaCursosTest" classname="es.ubu.lsi.ELearningQAFacadeTest" time="0.001"/>
  <testcase name="isAnidamientoCalificadorAceptableTest" classname="es.ubu.lsi.ELearningQAFacadeTest" time="0.001"/>
  <testcase name="isRespondenFeedbacksTest" classname="es.ubu.lsi.ELearningQAFacadeTest" time="0.001"/>
  <testcase name="porcentajeFraccionTest" classname="es.ubu.lsi.ELearningQAFacadeTest" time="0.001"/>
  <testcase name="isEsNotaMaxConsistenteTest" classname="es.ubu.lsi.ELearningQAFacadeTest" time="0.001"/>
  <testcase name="isSonVisiblesCondicionesTest" classname="es.ubu.lsi.ELearningQAFacadeTest" time="0"/>
  <testcase name="isHayVariedadFormatosTest" classname="es.ubu.lsi.ELearningQAFacadeTest" time="0"/>
  <testcase name="generarCampoRelativoTest" classname="es.ubu.lsi.ELearningQAFacadeTest" time="0.002"/>
  <testcase name="isAlumnosEnGruposTest" classname="es.ubu.lsi.ELearningQAFacadeTest" time="0"/>
  <testcase name="isEstaProgresoActivadoTest" classname="es.ubu.lsi.ELearningQAFacadeTest" time="0"/>
  <testcase name="isHayTareasGrupalesTest" classname="es.ubu.lsi.ELearningQAFacadeTest" time="0"/>
  <testcase name="isUsaSurveysTest" classname="es.ubu.lsi.ELearningQAFacadeTest" time="0.001"/>
</testsuite>